0 info it worked if it ends with ok
1 verbose cli [ '/usr/local/bin/node',
1 verbose cli   '/usr/local/bin/npm',
1 verbose cli   'install',
1 verbose cli   '-g',
1 verbose cli   'mongo-express' ]
2 info using npm@2.14.12
3 info using node@v4.2.4
4 verbose install initial load of /usr/local/lib/package.json
5 verbose readDependencies loading dependencies from /usr/local/lib/package.json
6 silly cache add args [ 'mongo-express', null ]
7 verbose cache add spec mongo-express
8 silly cache add parsed spec Result {
8 silly cache add   raw: 'mongo-express',
8 silly cache add   scope: null,
8 silly cache add   name: 'mongo-express',
8 silly cache add   rawSpec: '',
8 silly cache add   spec: 'latest',
8 silly cache add   type: 'tag' }
9 silly addNamed mongo-express@latest
10 verbose addNamed "latest" is being treated as a dist-tag for mongo-express
11 info addNameTag [ 'mongo-express', 'latest' ]
12 silly mapToRegistry name mongo-express
13 silly mapToRegistry using default registry
14 silly mapToRegistry registry https://registry.npmjs.org/
15 silly mapToRegistry uri https://registry.npmjs.org/mongo-express
16 verbose addNameTag registry:https://registry.npmjs.org/mongo-express not in flight; fetching
17 verbose request uri https://registry.npmjs.org/mongo-express
18 verbose request no auth needed
19 info attempt registry request try #1 at 4:41:54 PM
20 verbose request id 7ff25a682f51f0d4
21 http request GET https://registry.npmjs.org/mongo-express
22 http 200 https://registry.npmjs.org/mongo-express
23 verbose headers { server: 'CouchDB/1.5.0 (Erlang OTP/R16B03)',
23 verbose headers   etag: '"BE22XO4SY7MHRQAD36QUG4EQ0"',
23 verbose headers   'content-type': 'application/json',
23 verbose headers   'cache-control': 'max-age=300',
23 verbose headers   'content-length': '221458',
23 verbose headers   'accept-ranges': 'bytes',
23 verbose headers   date: 'Wed, 04 May 2016 23:41:55 GMT',
23 verbose headers   via: '1.1 varnish',
23 verbose headers   age: '0',
23 verbose headers   connection: 'keep-alive',
23 verbose headers   'x-served-by': 'cache-lax1435-LAX',
23 verbose headers   'x-cache': 'MISS',
23 verbose headers   'x-cache-hits': '0',
23 verbose headers   'x-timer': 'S1462405314.780652,VS0,VE674',
23 verbose headers   vary: 'Accept-Encoding' }
24 silly get cb [ 200,
24 silly get   { server: 'CouchDB/1.5.0 (Erlang OTP/R16B03)',
24 silly get     etag: '"BE22XO4SY7MHRQAD36QUG4EQ0"',
24 silly get     'content-type': 'application/json',
24 silly get     'cache-control': 'max-age=300',
24 silly get     'content-length': '221458',
24 silly get     'accept-ranges': 'bytes',
24 silly get     date: 'Wed, 04 May 2016 23:41:55 GMT',
24 silly get     via: '1.1 varnish',
24 silly get     age: '0',
24 silly get     connection: 'keep-alive',
24 silly get     'x-served-by': 'cache-lax1435-LAX',
24 silly get     'x-cache': 'MISS',
24 silly get     'x-cache-hits': '0',
24 silly get     'x-timer': 'S1462405314.780652,VS0,VE674',
24 silly get     vary: 'Accept-Encoding' } ]
25 verbose get saving mongo-express to /Users/jzhang/.npm/registry.npmjs.org/mongo-express/.cache.json
26 silly addNameTag next cb for mongo-express with tag latest
27 silly addNamed mongo-express@0.30.54
28 verbose addNamed "0.30.54" is a plain semver version for mongo-express
29 silly mapToRegistry name mongo-express
30 silly mapToRegistry using default registry
31 silly mapToRegistry registry https://registry.npmjs.org/
32 silly mapToRegistry uri https://registry.npmjs.org/mongo-express
33 verbose addRemoteTarball https://registry.npmjs.org/mongo-express/-/mongo-express-0.30.54.tgz not in flight; adding
34 verbose addRemoteTarball [ 'https://registry.npmjs.org/mongo-express/-/mongo-express-0.30.54.tgz',
34 verbose addRemoteTarball   'ed7d0709c5aadaeade7929b6cb922bb9f54d723b' ]
35 info retry fetch attempt 1 at 4:41:56 PM
36 info attempt registry request try #1 at 4:41:56 PM
37 http fetch GET https://registry.npmjs.org/mongo-express/-/mongo-express-0.30.54.tgz
38 http fetch 200 https://registry.npmjs.org/mongo-express/-/mongo-express-0.30.54.tgz
39 silly fetchAndShaCheck shasum ed7d0709c5aadaeade7929b6cb922bb9f54d723b
40 verbose addTmpTarball /var/folders/xq/pwjfcbw11p33jsqws635wjw00000gn/T/npm-4648-dc81c334/registry.npmjs.org/mongo-express/-/mongo-express-0.30.54.tgz not in flight; adding
41 verbose addTmpTarball already have metadata; skipping unpack for mongo-express@0.30.54
42 silly cache afterAdd mongo-express@0.30.54
43 verbose afterAdd /Users/jzhang/.npm/mongo-express/0.30.54/package/package.json not in flight; writing
44 verbose afterAdd /Users/jzhang/.npm/mongo-express/0.30.54/package/package.json written
45 silly install resolved [ { version: '0.30.54',
45 silly install resolved     author: { name: 'https://github.com/mongo-express' },
45 silly install resolved     name: 'mongo-express',
45 silly install resolved     description: 'Web-based admin interface for MongoDB',
45 silly install resolved     keywords:
45 silly install resolved      [ 'admin',
45 silly install resolved        'administration',
45 silly install resolved        'collection',
45 silly install resolved        'database',
45 silly install resolved        'GUI',
45 silly install resolved        'interface',
45 silly install resolved        'manage',
45 silly install resolved        'manage-mongo',
45 silly install resolved        'mongo',
45 silly install resolved        'mongodb',
45 silly install resolved        'phpmyadmin',
45 silly install resolved        'UI',
45 silly install resolved        'web-based' ],
45 silly install resolved     bin: { 'mongo-express': './app.js' },
45 silly install resolved     repository:
45 silly install resolved      { type: 'git',
45 silly install resolved        url: 'git://github.com/mongo-express/mongo-express.git' },
45 silly install resolved     dependencies:
45 silly install resolved      { async: '^2.0.0-rc.3',
45 silly install resolved        'basic-auth-connect': '^1.0.0',
45 silly install resolved        'body-parser': '^1.14.2',
45 silly install resolved        busboy: '^0.2.13',
45 silly install resolved        'cli-color': '^1.1.0',
45 silly install resolved        commander: '^2.9.0',
45 silly install resolved        consolidate: '^0.14.1',
45 silly install resolved        'cookie-parser': '1.4.1',
45 silly install resolved        errorhandler: '1.4.3',
45 silly install resolved        express: '4.13.4',
45 silly install resolved        'express-session': '1.13.0',
45 silly install resolved        'gridfs-stream': '^1.1.1',
45 silly install resolved        'method-override': '2.3.5',
45 silly install resolved        mongodb: '^2.1.18',
45 silly install resolved        morgan: '1.7.0',
45 silly install resolved        'serve-favicon': '2.3.0',
45 silly install resolved        snyk: '^1.14.2',
45 silly install resolved        swig: '1.4.2',
45 silly install resolved        underscore: '~1.8.0',
45 silly install resolved        'update-notifier': '^0.6.3' },
45 silly install resolved     devDependencies: { chai: '3.5.0', mocha: '2.4.5', 'pre-commit': '^1.1.2' },
45 silly install resolved     engines: { node: '>=4.0.0', npm: '>=3.0.0' },
45 silly install resolved     license: 'MIT',
45 silly install resolved     scripts:
45 silly install resolved      { jshint: 'jshint -c .jshintrc --exclude-path .jshintignore .',
45 silly install resolved        jscs: 'jscs .',
45 silly install resolved        start: 'node app',
45 silly install resolved        test: 'snyk test && ./node_modules/mocha/bin/mocha',
45 silly install resolved        'snyk-protect': 'snyk protect',
45 silly install resolved        prepublish: 'npm run snyk-protect' },
45 silly install resolved     'pre-commit': [ 'jshint', 'jscs', 'test' ],
45 silly install resolved     main: './middleware',
45 silly install resolved     snyk: true,
45 silly install resolved     gitHead: '1f689bddeff143c55c2f63f0e07de2e61af979ca',
45 silly install resolved     bugs: { url: 'https://github.com/mongo-express/mongo-express/issues' },
45 silly install resolved     homepage: 'https://github.com/mongo-express/mongo-express#readme',
45 silly install resolved     _id: 'mongo-express@0.30.54',
45 silly install resolved     _shasum: 'ed7d0709c5aadaeade7929b6cb922bb9f54d723b',
45 silly install resolved     _from: 'mongo-express@latest',
45 silly install resolved     _npmVersion: '3.8.8',
45 silly install resolved     _nodeVersion: '6.0.0',
45 silly install resolved     _npmUser: { name: 'wulfsolter', email: 'wulf@wulf.co.nz' },
45 silly install resolved     dist:
45 silly install resolved      { shasum: 'ed7d0709c5aadaeade7929b6cb922bb9f54d723b',
45 silly install resolved        tarball: 'https://registry.npmjs.org/mongo-express/-/mongo-express-0.30.54.tgz' },
45 silly install resolved     maintainers: [ [Object], [Object] ],
45 silly install resolved     _npmOperationalInternal:
45 silly install resolved      { host: 'packages-12-west.internal.npmjs.com',
45 silly install resolved        tmp: 'tmp/mongo-express-0.30.54.tgz_1462091814251_0.9164695837534964' },
45 silly install resolved     directories: {},
45 silly install resolved     _resolved: 'https://registry.npmjs.org/mongo-express/-/mongo-express-0.30.54.tgz' } ]
46 info install mongo-express@0.30.54 into /usr/local/lib
47 info installOne mongo-express@0.30.54
48 verbose installOne of mongo-express to /usr/local/lib not in flight; installing
49 verbose lock using /Users/jzhang/.npm/_locks/mongo-express-f36f0e960dfcce6f.lock for /usr/local/lib/node_modules/mongo-express
50 silly install write writing mongo-express 0.30.54 to /usr/local/lib/node_modules/mongo-express
51 verbose unbuild lib/node_modules/mongo-express
52 silly gentlyRm /usr/local/lib/node_modules/mongo-express is being purged from base /usr/local
53 verbose gentlyRm don't care about contents; nuking /usr/local/lib/node_modules/mongo-express
54 verbose tar unpack /Users/jzhang/.npm/mongo-express/0.30.54/package.tgz
55 verbose tar unpacking to /usr/local/lib/node_modules/mongo-express
56 silly gentlyRm /usr/local/lib/node_modules/mongo-express is being purged
57 verbose gentlyRm don't care about contents; nuking /usr/local/lib/node_modules/mongo-express
58 silly gunzTarPerm modes [ '755', '644' ]
59 error tar.unpack untar error /Users/jzhang/.npm/mongo-express/0.30.54/package.tgz
60 verbose unlock done using /Users/jzhang/.npm/_locks/mongo-express-f36f0e960dfcce6f.lock for /usr/local/lib/node_modules/mongo-express
61 verbose fstream_path /usr/local/lib/node_modules/mongo-express
62 verbose fstream_type Directory
63 verbose fstream_class DirWriter
64 verbose stack Error: EACCES: permission denied, mkdir '/usr/local/lib/node_modules/mongo-express'
64 verbose stack     at Error (native)
65 verbose fstream_stack /usr/local/lib/node_modules/npm/node_modules/fstream/lib/dir-writer.js:35:25
65 verbose fstream_stack /usr/local/lib/node_modules/npm/node_modules/mkdirp/index.js:47:53
65 verbose fstream_stack FSReqWrap.oncomplete (fs.js:82:15)
66 verbose cwd /Users/jzhang/Documents/Stanford/Spring 2016/Research/Survey
67 error Darwin 15.4.0
68 error argv "/usr/local/bin/node" "/usr/local/bin/npm" "install" "-g" "mongo-express"
69 error node v4.2.4
70 error npm  v2.14.12
71 error path /usr/local/lib/node_modules/mongo-express
72 error code EACCES
73 error errno -13
74 error syscall mkdir
75 error Error: EACCES: permission denied, mkdir '/usr/local/lib/node_modules/mongo-express'
75 error     at Error (native)
75 error  { [Error: EACCES: permission denied, mkdir '/usr/local/lib/node_modules/mongo-express']
75 error   errno: -13,
75 error   code: 'EACCES',
75 error   syscall: 'mkdir',
75 error   path: '/usr/local/lib/node_modules/mongo-express',
75 error   fstream_type: 'Directory',
75 error   fstream_path: '/usr/local/lib/node_modules/mongo-express',
75 error   fstream_class: 'DirWriter',
75 error   fstream_stack:
75 error    [ '/usr/local/lib/node_modules/npm/node_modules/fstream/lib/dir-writer.js:35:25',
75 error      '/usr/local/lib/node_modules/npm/node_modules/mkdirp/index.js:47:53',
75 error      'FSReqWrap.oncomplete (fs.js:82:15)' ] }
76 error Please try running this command again as root/Administrator.
77 verbose exit [ -13, true ]
78 verbose unbuild lib/node_modules/mongo-express
79 silly gentlyRm /usr/local/lib/node_modules/mongo-express is being purged from base /usr/local
80 verbose gentlyRm don't care about contents; nuking /usr/local/lib/node_modules/mongo-express
